mode: atomic
github.com/RodrigoGuerraCortes/ai-backend/cmd/api/main.go:15.13,27.34 6 0
github.com/RodrigoGuerraCortes/ai-backend/cmd/api/main.go:27.34,29.3 1 0
github.com/RodrigoGuerraCortes/ai-backend/cmd/api/main.go:32.2,37.26 5 0
github.com/RodrigoGuerraCortes/ai-backend/cmd/api/main.go:15.13,27.34 6 0
github.com/RodrigoGuerraCortes/ai-backend/cmd/api/main.go:27.34,29.3 1 0
github.com/RodrigoGuerraCortes/ai-backend/cmd/api/main.go:32.2,37.26 5 0
github.com/RodrigoGuerraCortes/ai-backend/internal/ai/client.go:16.57,20.18 2 0
github.com/RodrigoGuerraCortes/ai-backend/internal/ai/client.go:20.18,22.3 1 0
github.com/RodrigoGuerraCortes/ai-backend/internal/ai/client.go:24.2,26.16 3 0
github.com/RodrigoGuerraCortes/ai-backend/internal/ai/client.go:26.16,28.3 1 0
github.com/RodrigoGuerraCortes/ai-backend/internal/ai/client.go:30.2,30.38 1 0
github.com/RodrigoGuerraCortes/ai-backend/internal/ai/client.go:33.47,39.2 4 0
github.com/RodrigoGuerraCortes/ai-backend/internal/ai/client.go:41.82,45.16 3 0
github.com/RodrigoGuerraCortes/ai-backend/internal/ai/client.go:45.16,47.3 1 0
github.com/RodrigoGuerraCortes/ai-backend/internal/ai/client.go:49.2,51.46 1 0
github.com/RodrigoGuerraCortes/ai-backend/internal/ai/client.go:51.46,53.3 1 0
github.com/RodrigoGuerraCortes/ai-backend/internal/ai/client.go:55.2,56.27 2 0
github.com/RodrigoGuerraCortes/ai-backend/internal/ai/mocks/mock_ai.go:11.82,13.2 1 0
github.com/RodrigoGuerraCortes/ai-backend/internal/config/config.go:18.27,29.28 3 1
github.com/RodrigoGuerraCortes/ai-backend/internal/config/config.go:29.28,31.24 1 0
github.com/RodrigoGuerraCortes/ai-backend/internal/config/config.go:31.24,33.4 1 0
github.com/RodrigoGuerraCortes/ai-backend/internal/config/config.go:33.9,35.4 1 0
github.com/RodrigoGuerraCortes/ai-backend/internal/config/config.go:38.3,38.43 1 0
github.com/RodrigoGuerraCortes/ai-backend/internal/config/config.go:41.2,41.12 1 1
github.com/RodrigoGuerraCortes/ai-backend/internal/config/config.go:44.42,45.48 1 4
github.com/RodrigoGuerraCortes/ai-backend/internal/config/config.go:45.48,47.3 1 4
github.com/RodrigoGuerraCortes/ai-backend/internal/config/config.go:48.2,48.17 1 0
github.com/RodrigoGuerraCortes/ai-backend/internal/di/container.go:26.41,49.2 5 0
github.com/RodrigoGuerraCortes/ai-backend/internal/di/container.go:52.35,54.12 2 0
github.com/RodrigoGuerraCortes/ai-backend/internal/di/container.go:54.12,56.86 1 0
github.com/RodrigoGuerraCortes/ai-backend/internal/di/container.go:56.86,58.4 1 0
github.com/RodrigoGuerraCortes/ai-backend/internal/di/container.go:60.2,60.12 1 0
github.com/RodrigoGuerraCortes/ai-backend/internal/di/container.go:64.49,67.51 3 0
github.com/RodrigoGuerraCortes/ai-backend/internal/di/container.go:67.51,69.3 1 0
github.com/RodrigoGuerraCortes/ai-backend/internal/di/container.go:69.8,71.3 1 0
github.com/RodrigoGuerraCortes/ai-backend/internal/http/handler/chat_handler.go:16.50,20.2 1 0
github.com/RodrigoGuerraCortes/ai-backend/internal/http/handler/chat_handler.go:22.44,25.47 2 0
github.com/RodrigoGuerraCortes/ai-backend/internal/http/handler/chat_handler.go:25.47,31.3 2 0
github.com/RodrigoGuerraCortes/ai-backend/internal/http/handler/chat_handler.go:33.2,34.16 2 0
github.com/RodrigoGuerraCortes/ai-backend/internal/http/handler/chat_handler.go:34.16,40.3 2 0
github.com/RodrigoGuerraCortes/ai-backend/internal/http/handler/chat_handler.go:42.2,47.4 1 0
github.com/RodrigoGuerraCortes/ai-backend/internal/http/middleware/error_handler.go:12.37,13.30 1 0
github.com/RodrigoGuerraCortes/ai-backend/internal/http/middleware/error_handler.go:13.30,14.16 1 0
github.com/RodrigoGuerraCortes/ai-backend/internal/http/middleware/error_handler.go:14.16,15.36 1 0
github.com/RodrigoGuerraCortes/ai-backend/internal/http/middleware/error_handler.go:15.36,22.5 3 0
github.com/RodrigoGuerraCortes/ai-backend/internal/http/middleware/error_handler.go:25.3,28.24 2 0
github.com/RodrigoGuerraCortes/ai-backend/internal/http/middleware/error_handler.go:28.24,34.4 2 0
github.com/RodrigoGuerraCortes/ai-backend/internal/http/middleware/logging.go:11.38,12.30 1 0
github.com/RodrigoGuerraCortes/ai-backend/internal/http/middleware/logging.go:12.30,24.3 4 0
github.com/RodrigoGuerraCortes/ai-backend/internal/http/middleware/request_id.go:12.44,13.30 1 0
github.com/RodrigoGuerraCortes/ai-backend/internal/http/middleware/request_id.go:13.30,16.22 2 0
github.com/RodrigoGuerraCortes/ai-backend/internal/http/middleware/request_id.go:16.22,18.4 1 0
github.com/RodrigoGuerraCortes/ai-backend/internal/http/middleware/request_id.go:21.3,38.4 5 0
github.com/RodrigoGuerraCortes/ai-backend/internal/http/router/router.go:10.50,21.2 7 0
github.com/RodrigoGuerraCortes/ai-backend/internal/http/router/router.go:21.2,24.3 2 0
github.com/RodrigoGuerraCortes/ai-backend/internal/http/router/router.go:26.2,26.41 1 0
github.com/RodrigoGuerraCortes/ai-backend/internal/http/router/router.go:26.41,28.3 1 0
github.com/RodrigoGuerraCortes/ai-backend/internal/http/router/router.go:30.2,30.10 1 0
github.com/RodrigoGuerraCortes/ai-backend/internal/service/chat_service.go:13.56,15.2 1 0
github.com/RodrigoGuerraCortes/ai-backend/internal/service/chat_service.go:17.81,19.2 1 0
github.com/RodrigoGuerraCortes/ai-backend/pkg/logger/logger.go:10.37,16.26 4 0
github.com/RodrigoGuerraCortes/ai-backend/pkg/logger/logger.go:16.26,21.3 3 0
github.com/RodrigoGuerraCortes/ai-backend/pkg/logger/logger.go:21.8,25.3 2 0
github.com/RodrigoGuerraCortes/ai-backend/pkg/logger/logger.go:27.2,29.16 3 0
github.com/RodrigoGuerraCortes/ai-backend/pkg/logger/logger.go:29.16,30.63 1 0
github.com/RodrigoGuerraCortes/ai-backend/pkg/logger/logger.go:33.2,35.39 1 0
github.com/RodrigoGuerraCortes/ai-backend/pkg/logger/logger.go:38.13,39.16 1 0
github.com/RodrigoGuerraCortes/ai-backend/pkg/logger/logger.go:39.16,41.3 1 0
github.com/RodrigoGuerraCortes/ai-backend/internal/di/container.go:26.41,49.2 5 0
github.com/RodrigoGuerraCortes/ai-backend/internal/di/container.go:52.35,54.12 2 0
github.com/RodrigoGuerraCortes/ai-backend/internal/di/container.go:54.12,56.86 1 0
github.com/RodrigoGuerraCortes/ai-backend/internal/di/container.go:56.86,58.4 1 0
github.com/RodrigoGuerraCortes/ai-backend/internal/di/container.go:60.2,60.12 1 0
github.com/RodrigoGuerraCortes/ai-backend/internal/di/container.go:64.49,67.51 3 0
github.com/RodrigoGuerraCortes/ai-backend/internal/di/container.go:67.51,69.3 1 0
github.com/RodrigoGuerraCortes/ai-backend/internal/di/container.go:69.8,71.3 1 0
github.com/RodrigoGuerraCortes/ai-backend/internal/ai/mocks/mock_ai.go:11.82,13.2 1 0
github.com/RodrigoGuerraCortes/ai-backend/cmd/api/main.go:15.13,27.34 6 0
github.com/RodrigoGuerraCortes/ai-backend/cmd/api/main.go:27.34,29.3 1 0
github.com/RodrigoGuerraCortes/ai-backend/cmd/api/main.go:32.2,37.26 5 0
github.com/RodrigoGuerraCortes/ai-backend/internal/ai/client.go:16.57,20.18 2 0
github.com/RodrigoGuerraCortes/ai-backend/internal/ai/client.go:20.18,22.3 1 0
github.com/RodrigoGuerraCortes/ai-backend/internal/ai/client.go:24.2,26.16 3 0
github.com/RodrigoGuerraCortes/ai-backend/internal/ai/client.go:26.16,28.3 1 0
github.com/RodrigoGuerraCortes/ai-backend/internal/ai/client.go:30.2,30.38 1 0
github.com/RodrigoGuerraCortes/ai-backend/internal/ai/client.go:33.47,39.2 4 0
github.com/RodrigoGuerraCortes/ai-backend/internal/ai/client.go:41.82,45.16 3 0
github.com/RodrigoGuerraCortes/ai-backend/internal/ai/client.go:45.16,47.3 1 0
github.com/RodrigoGuerraCortes/ai-backend/internal/ai/client.go:49.2,51.46 1 0
github.com/RodrigoGuerraCortes/ai-backend/internal/ai/client.go:51.46,53.3 1 0
github.com/RodrigoGuerraCortes/ai-backend/internal/ai/client.go:55.2,56.27 2 0
github.com/RodrigoGuerraCortes/ai-backend/internal/ai/mocks/mock_ai.go:11.82,13.2 1 1
github.com/RodrigoGuerraCortes/ai-backend/internal/config/config.go:18.27,29.28 3 0
github.com/RodrigoGuerraCortes/ai-backend/internal/config/config.go:29.28,31.24 1 0
github.com/RodrigoGuerraCortes/ai-backend/internal/config/config.go:31.24,33.4 1 0
github.com/RodrigoGuerraCortes/ai-backend/internal/config/config.go:33.9,35.4 1 0
github.com/RodrigoGuerraCortes/ai-backend/internal/config/config.go:38.3,38.43 1 0
github.com/RodrigoGuerraCortes/ai-backend/internal/config/config.go:41.2,41.12 1 0
github.com/RodrigoGuerraCortes/ai-backend/internal/config/config.go:44.42,45.48 1 0
github.com/RodrigoGuerraCortes/ai-backend/internal/config/config.go:45.48,47.3 1 0
github.com/RodrigoGuerraCortes/ai-backend/internal/config/config.go:48.2,48.17 1 0
github.com/RodrigoGuerraCortes/ai-backend/internal/di/container.go:26.41,49.2 5 0
github.com/RodrigoGuerraCortes/ai-backend/internal/di/container.go:52.35,54.12 2 0
github.com/RodrigoGuerraCortes/ai-backend/internal/di/container.go:54.12,56.86 1 0
github.com/RodrigoGuerraCortes/ai-backend/internal/di/container.go:56.86,58.4 1 0
github.com/RodrigoGuerraCortes/ai-backend/internal/di/container.go:60.2,60.12 1 0
github.com/RodrigoGuerraCortes/ai-backend/internal/di/container.go:64.49,67.51 3 0
github.com/RodrigoGuerraCortes/ai-backend/internal/di/container.go:67.51,69.3 1 0
github.com/RodrigoGuerraCortes/ai-backend/internal/di/container.go:69.8,71.3 1 0
github.com/RodrigoGuerraCortes/ai-backend/internal/http/handler/chat_handler.go:16.50,20.2 1 2
github.com/RodrigoGuerraCortes/ai-backend/internal/http/handler/chat_handler.go:22.44,25.47 2 2
github.com/RodrigoGuerraCortes/ai-backend/internal/http/handler/chat_handler.go:25.47,31.3 2 1
github.com/RodrigoGuerraCortes/ai-backend/internal/http/handler/chat_handler.go:33.2,34.16 2 1
github.com/RodrigoGuerraCortes/ai-backend/internal/http/handler/chat_handler.go:34.16,40.3 2 0
github.com/RodrigoGuerraCortes/ai-backend/internal/http/handler/chat_handler.go:42.2,47.4 1 1
github.com/RodrigoGuerraCortes/ai-backend/internal/http/middleware/error_handler.go:12.37,13.30 1 0
github.com/RodrigoGuerraCortes/ai-backend/internal/http/middleware/error_handler.go:13.30,14.16 1 0
github.com/RodrigoGuerraCortes/ai-backend/internal/http/middleware/error_handler.go:14.16,15.36 1 0
github.com/RodrigoGuerraCortes/ai-backend/internal/http/middleware/error_handler.go:15.36,22.5 3 0
github.com/RodrigoGuerraCortes/ai-backend/internal/http/middleware/error_handler.go:25.3,28.24 2 0
github.com/RodrigoGuerraCortes/ai-backend/internal/http/middleware/error_handler.go:28.24,34.4 2 0
github.com/RodrigoGuerraCortes/ai-backend/internal/http/middleware/logging.go:11.38,12.30 1 0
github.com/RodrigoGuerraCortes/ai-backend/internal/http/middleware/logging.go:12.30,24.3 4 0
github.com/RodrigoGuerraCortes/ai-backend/internal/http/middleware/request_id.go:12.44,13.30 1 0
github.com/RodrigoGuerraCortes/ai-backend/internal/http/middleware/request_id.go:13.30,16.22 2 0
github.com/RodrigoGuerraCortes/ai-backend/internal/http/middleware/request_id.go:16.22,18.4 1 0
github.com/RodrigoGuerraCortes/ai-backend/internal/http/middleware/request_id.go:21.3,38.4 5 0
github.com/RodrigoGuerraCortes/ai-backend/internal/http/router/router.go:10.50,21.2 7 0
github.com/RodrigoGuerraCortes/ai-backend/internal/http/router/router.go:21.2,24.3 2 0
github.com/RodrigoGuerraCortes/ai-backend/internal/http/router/router.go:26.2,26.41 1 0
github.com/RodrigoGuerraCortes/ai-backend/internal/http/router/router.go:26.41,28.3 1 0
github.com/RodrigoGuerraCortes/ai-backend/internal/http/router/router.go:30.2,30.10 1 0
github.com/RodrigoGuerraCortes/ai-backend/internal/service/chat_service.go:13.56,15.2 1 2
github.com/RodrigoGuerraCortes/ai-backend/internal/service/chat_service.go:17.81,19.2 1 1
github.com/RodrigoGuerraCortes/ai-backend/pkg/logger/logger.go:10.37,16.26 4 0
github.com/RodrigoGuerraCortes/ai-backend/pkg/logger/logger.go:16.26,21.3 3 0
github.com/RodrigoGuerraCortes/ai-backend/pkg/logger/logger.go:21.8,25.3 2 0
github.com/RodrigoGuerraCortes/ai-backend/pkg/logger/logger.go:27.2,29.16 3 0
github.com/RodrigoGuerraCortes/ai-backend/pkg/logger/logger.go:29.16,30.63 1 0
github.com/RodrigoGuerraCortes/ai-backend/pkg/logger/logger.go:33.2,35.39 1 0
github.com/RodrigoGuerraCortes/ai-backend/pkg/logger/logger.go:38.13,39.16 1 0
github.com/RodrigoGuerraCortes/ai-backend/pkg/logger/logger.go:39.16,41.3 1 0
github.com/RodrigoGuerraCortes/ai-backend/cmd/api/main.go:15.13,27.34 6 0
github.com/RodrigoGuerraCortes/ai-backend/cmd/api/main.go:27.34,29.3 1 0
github.com/RodrigoGuerraCortes/ai-backend/cmd/api/main.go:32.2,37.26 5 0
github.com/RodrigoGuerraCortes/ai-backend/internal/ai/client.go:16.57,20.18 2 0
github.com/RodrigoGuerraCortes/ai-backend/internal/ai/client.go:20.18,22.3 1 0
github.com/RodrigoGuerraCortes/ai-backend/internal/ai/client.go:24.2,26.16 3 0
github.com/RodrigoGuerraCortes/ai-backend/internal/ai/client.go:26.16,28.3 1 0
github.com/RodrigoGuerraCortes/ai-backend/internal/ai/client.go:30.2,30.38 1 0
github.com/RodrigoGuerraCortes/ai-backend/internal/ai/client.go:33.47,39.2 4 0
github.com/RodrigoGuerraCortes/ai-backend/internal/ai/client.go:41.82,45.16 3 0
github.com/RodrigoGuerraCortes/ai-backend/internal/ai/client.go:45.16,47.3 1 0
github.com/RodrigoGuerraCortes/ai-backend/internal/ai/client.go:49.2,51.46 1 0
github.com/RodrigoGuerraCortes/ai-backend/internal/ai/client.go:51.46,53.3 1 0
github.com/RodrigoGuerraCortes/ai-backend/internal/ai/client.go:55.2,56.27 2 0
github.com/RodrigoGuerraCortes/ai-backend/internal/ai/mocks/mock_ai.go:11.82,13.2 1 0
github.com/RodrigoGuerraCortes/ai-backend/internal/config/config.go:18.27,29.28 3 1
github.com/RodrigoGuerraCortes/ai-backend/internal/config/config.go:29.28,31.24 1 0
github.com/RodrigoGuerraCortes/ai-backend/internal/config/config.go:31.24,33.4 1 0
github.com/RodrigoGuerraCortes/ai-backend/internal/config/config.go:33.9,35.4 1 0
github.com/RodrigoGuerraCortes/ai-backend/internal/config/config.go:38.3,38.43 1 0
github.com/RodrigoGuerraCortes/ai-backend/internal/config/config.go:41.2,41.12 1 1
github.com/RodrigoGuerraCortes/ai-backend/internal/config/config.go:44.42,45.48 1 4
github.com/RodrigoGuerraCortes/ai-backend/internal/config/config.go:45.48,47.3 1 1
github.com/RodrigoGuerraCortes/ai-backend/internal/config/config.go:48.2,48.17 1 3
github.com/RodrigoGuerraCortes/ai-backend/internal/di/container.go:26.41,49.2 5 0
github.com/RodrigoGuerraCortes/ai-backend/internal/di/container.go:52.35,54.12 2 0
github.com/RodrigoGuerraCortes/ai-backend/internal/di/container.go:54.12,56.86 1 0
github.com/RodrigoGuerraCortes/ai-backend/internal/di/container.go:56.86,58.4 1 0
github.com/RodrigoGuerraCortes/ai-backend/internal/di/container.go:60.2,60.12 1 0
github.com/RodrigoGuerraCortes/ai-backend/internal/di/container.go:64.49,67.51 3 0
github.com/RodrigoGuerraCortes/ai-backend/internal/di/container.go:67.51,69.3 1 0
github.com/RodrigoGuerraCortes/ai-backend/internal/di/container.go:69.8,71.3 1 0
github.com/RodrigoGuerraCortes/ai-backend/internal/http/handler/chat_handler.go:16.50,20.2 1 0
github.com/RodrigoGuerraCortes/ai-backend/internal/http/handler/chat_handler.go:22.44,25.47 2 0
github.com/RodrigoGuerraCortes/ai-backend/internal/http/handler/chat_handler.go:25.47,31.3 2 0
github.com/RodrigoGuerraCortes/ai-backend/internal/http/handler/chat_handler.go:33.2,34.16 2 0
github.com/RodrigoGuerraCortes/ai-backend/internal/http/handler/chat_handler.go:34.16,40.3 2 0
github.com/RodrigoGuerraCortes/ai-backend/internal/http/handler/chat_handler.go:42.2,47.4 1 0
github.com/RodrigoGuerraCortes/ai-backend/internal/http/middleware/error_handler.go:12.37,13.30 1 0
github.com/RodrigoGuerraCortes/ai-backend/internal/http/middleware/error_handler.go:13.30,14.16 1 0
github.com/RodrigoGuerraCortes/ai-backend/internal/http/middleware/error_handler.go:14.16,15.36 1 0
github.com/RodrigoGuerraCortes/ai-backend/internal/http/middleware/error_handler.go:15.36,22.5 3 0
github.com/RodrigoGuerraCortes/ai-backend/internal/http/middleware/error_handler.go:25.3,28.24 2 0
github.com/RodrigoGuerraCortes/ai-backend/internal/http/middleware/error_handler.go:28.24,34.4 2 0
github.com/RodrigoGuerraCortes/ai-backend/internal/http/middleware/logging.go:11.38,12.30 1 0
github.com/RodrigoGuerraCortes/ai-backend/internal/http/middleware/logging.go:12.30,24.3 4 0
github.com/RodrigoGuerraCortes/ai-backend/internal/http/middleware/request_id.go:12.44,13.30 1 0
github.com/RodrigoGuerraCortes/ai-backend/internal/http/middleware/request_id.go:13.30,16.22 2 0
github.com/RodrigoGuerraCortes/ai-backend/internal/http/middleware/request_id.go:16.22,18.4 1 0
github.com/RodrigoGuerraCortes/ai-backend/internal/http/middleware/request_id.go:21.3,38.4 5 0
github.com/RodrigoGuerraCortes/ai-backend/internal/http/router/router.go:10.50,21.2 7 0
github.com/RodrigoGuerraCortes/ai-backend/internal/http/router/router.go:21.2,24.3 2 0
github.com/RodrigoGuerraCortes/ai-backend/internal/http/router/router.go:26.2,26.41 1 0
github.com/RodrigoGuerraCortes/ai-backend/internal/http/router/router.go:26.41,28.3 1 0
github.com/RodrigoGuerraCortes/ai-backend/internal/http/router/router.go:30.2,30.10 1 0
github.com/RodrigoGuerraCortes/ai-backend/internal/service/chat_service.go:13.56,15.2 1 0
github.com/RodrigoGuerraCortes/ai-backend/internal/service/chat_service.go:17.81,19.2 1 0
github.com/RodrigoGuerraCortes/ai-backend/pkg/logger/logger.go:10.37,16.26 4 1
github.com/RodrigoGuerraCortes/ai-backend/pkg/logger/logger.go:16.26,21.3 3 1
github.com/RodrigoGuerraCortes/ai-backend/pkg/logger/logger.go:21.8,25.3 2 0
github.com/RodrigoGuerraCortes/ai-backend/pkg/logger/logger.go:27.2,29.16 3 1
github.com/RodrigoGuerraCortes/ai-backend/pkg/logger/logger.go:29.16,30.63 1 0
github.com/RodrigoGuerraCortes/ai-backend/pkg/logger/logger.go:33.2,35.39 1 1
github.com/RodrigoGuerraCortes/ai-backend/pkg/logger/logger.go:38.13,39.16 1 1
github.com/RodrigoGuerraCortes/ai-backend/pkg/logger/logger.go:39.16,41.3 1 1
github.com/RodrigoGuerraCortes/ai-backend/cmd/api/main.go:15.13,27.34 6 0
github.com/RodrigoGuerraCortes/ai-backend/cmd/api/main.go:27.34,29.3 1 0
github.com/RodrigoGuerraCortes/ai-backend/cmd/api/main.go:32.2,37.26 5 0
github.com/RodrigoGuerraCortes/ai-backend/internal/ai/client.go:16.57,20.18 2 0
github.com/RodrigoGuerraCortes/ai-backend/internal/ai/client.go:20.18,22.3 1 0
github.com/RodrigoGuerraCortes/ai-backend/internal/ai/client.go:24.2,26.16 3 0
github.com/RodrigoGuerraCortes/ai-backend/internal/ai/client.go:26.16,28.3 1 0
github.com/RodrigoGuerraCortes/ai-backend/internal/ai/client.go:30.2,30.38 1 0
github.com/RodrigoGuerraCortes/ai-backend/internal/ai/client.go:33.47,39.2 4 0
github.com/RodrigoGuerraCortes/ai-backend/internal/ai/client.go:41.82,45.16 3 0
github.com/RodrigoGuerraCortes/ai-backend/internal/ai/client.go:45.16,47.3 1 0
github.com/RodrigoGuerraCortes/ai-backend/internal/ai/client.go:49.2,51.46 1 0
github.com/RodrigoGuerraCortes/ai-backend/internal/ai/client.go:51.46,53.3 1 0
github.com/RodrigoGuerraCortes/ai-backend/internal/ai/client.go:55.2,56.27 2 0
github.com/RodrigoGuerraCortes/ai-backend/internal/ai/mocks/mock_ai.go:11.82,13.2 1 0
github.com/RodrigoGuerraCortes/ai-backend/internal/config/config.go:18.27,29.28 3 1
github.com/RodrigoGuerraCortes/ai-backend/internal/config/config.go:29.28,31.24 1 0
github.com/RodrigoGuerraCortes/ai-backend/internal/config/config.go:31.24,33.4 1 0
github.com/RodrigoGuerraCortes/ai-backend/internal/config/config.go:33.9,35.4 1 0
github.com/RodrigoGuerraCortes/ai-backend/internal/config/config.go:38.3,38.43 1 0
github.com/RodrigoGuerraCortes/ai-backend/internal/config/config.go:41.2,41.12 1 1
github.com/RodrigoGuerraCortes/ai-backend/internal/config/config.go:44.42,45.48 1 4
github.com/RodrigoGuerraCortes/ai-backend/internal/config/config.go:45.48,47.3 1 1
github.com/RodrigoGuerraCortes/ai-backend/internal/config/config.go:48.2,48.17 1 3
github.com/RodrigoGuerraCortes/ai-backend/internal/di/container.go:26.41,49.2 5 0
github.com/RodrigoGuerraCortes/ai-backend/internal/di/container.go:52.35,54.12 2 0
github.com/RodrigoGuerraCortes/ai-backend/internal/di/container.go:54.12,56.86 1 0
github.com/RodrigoGuerraCortes/ai-backend/internal/di/container.go:56.86,58.4 1 0
github.com/RodrigoGuerraCortes/ai-backend/internal/di/container.go:60.2,60.12 1 0
github.com/RodrigoGuerraCortes/ai-backend/internal/di/container.go:64.49,67.51 3 0
github.com/RodrigoGuerraCortes/ai-backend/internal/di/container.go:67.51,69.3 1 0
github.com/RodrigoGuerraCortes/ai-backend/internal/di/container.go:69.8,71.3 1 0
github.com/RodrigoGuerraCortes/ai-backend/internal/http/handler/chat_handler.go:16.50,20.2 1 0
github.com/RodrigoGuerraCortes/ai-backend/internal/http/handler/chat_handler.go:22.44,25.47 2 0
github.com/RodrigoGuerraCortes/ai-backend/internal/http/handler/chat_handler.go:25.47,31.3 2 0
github.com/RodrigoGuerraCortes/ai-backend/internal/http/handler/chat_handler.go:33.2,34.16 2 0
github.com/RodrigoGuerraCortes/ai-backend/internal/http/handler/chat_handler.go:34.16,40.3 2 0
github.com/RodrigoGuerraCortes/ai-backend/internal/http/handler/chat_handler.go:42.2,47.4 1 0
github.com/RodrigoGuerraCortes/ai-backend/internal/http/middleware/error_handler.go:12.37,13.30 1 0
github.com/RodrigoGuerraCortes/ai-backend/internal/http/middleware/error_handler.go:13.30,14.16 1 0
github.com/RodrigoGuerraCortes/ai-backend/internal/http/middleware/error_handler.go:14.16,15.36 1 0
github.com/RodrigoGuerraCortes/ai-backend/internal/http/middleware/error_handler.go:15.36,22.5 3 0
github.com/RodrigoGuerraCortes/ai-backend/internal/http/middleware/error_handler.go:25.3,28.24 2 0
github.com/RodrigoGuerraCortes/ai-backend/internal/http/middleware/error_handler.go:28.24,34.4 2 0
github.com/RodrigoGuerraCortes/ai-backend/internal/http/middleware/logging.go:11.38,12.30 1 1
github.com/RodrigoGuerraCortes/ai-backend/internal/http/middleware/logging.go:12.30,24.3 4 1
github.com/RodrigoGuerraCortes/ai-backend/internal/http/middleware/request_id.go:12.44,13.30 1 0
github.com/RodrigoGuerraCortes/ai-backend/internal/http/middleware/request_id.go:13.30,16.22 2 0
github.com/RodrigoGuerraCortes/ai-backend/internal/http/middleware/request_id.go:16.22,18.4 1 0
github.com/RodrigoGuerraCortes/ai-backend/internal/http/middleware/request_id.go:21.3,38.4 5 0
github.com/RodrigoGuerraCortes/ai-backend/internal/http/router/router.go:10.50,21.2 7 0
github.com/RodrigoGuerraCortes/ai-backend/internal/http/router/router.go:21.2,24.3 2 0
github.com/RodrigoGuerraCortes/ai-backend/internal/http/router/router.go:26.2,26.41 1 0
github.com/RodrigoGuerraCortes/ai-backend/internal/http/router/router.go:26.41,28.3 1 0
github.com/RodrigoGuerraCortes/ai-backend/internal/http/router/router.go:30.2,30.10 1 0
github.com/RodrigoGuerraCortes/ai-backend/internal/service/chat_service.go:13.56,15.2 1 0
github.com/RodrigoGuerraCortes/ai-backend/internal/service/chat_service.go:17.81,19.2 1 0
github.com/RodrigoGuerraCortes/ai-backend/pkg/logger/logger.go:10.37,16.26 4 1
github.com/RodrigoGuerraCortes/ai-backend/pkg/logger/logger.go:16.26,21.3 3 1
github.com/RodrigoGuerraCortes/ai-backend/pkg/logger/logger.go:21.8,25.3 2 0
github.com/RodrigoGuerraCortes/ai-backend/pkg/logger/logger.go:27.2,29.16 3 1
github.com/RodrigoGuerraCortes/ai-backend/pkg/logger/logger.go:29.16,30.63 1 0
github.com/RodrigoGuerraCortes/ai-backend/pkg/logger/logger.go:33.2,35.39 1 1
github.com/RodrigoGuerraCortes/ai-backend/pkg/logger/logger.go:38.13,39.16 1 1
github.com/RodrigoGuerraCortes/ai-backend/pkg/logger/logger.go:39.16,41.3 1 1
github.com/RodrigoGuerraCortes/ai-backend/cmd/api/main.go:15.13,27.34 6 0
github.com/RodrigoGuerraCortes/ai-backend/cmd/api/main.go:27.34,29.3 1 0
github.com/RodrigoGuerraCortes/ai-backend/cmd/api/main.go:32.2,37.26 5 0
github.com/RodrigoGuerraCortes/ai-backend/internal/ai/client.go:16.57,20.18 2 0
github.com/RodrigoGuerraCortes/ai-backend/internal/ai/client.go:20.18,22.3 1 0
github.com/RodrigoGuerraCortes/ai-backend/internal/ai/client.go:24.2,26.16 3 0
github.com/RodrigoGuerraCortes/ai-backend/internal/ai/client.go:26.16,28.3 1 0
github.com/RodrigoGuerraCortes/ai-backend/internal/ai/client.go:30.2,30.38 1 0
github.com/RodrigoGuerraCortes/ai-backend/internal/ai/client.go:33.47,39.2 4 0
github.com/RodrigoGuerraCortes/ai-backend/internal/ai/client.go:41.82,45.16 3 0
github.com/RodrigoGuerraCortes/ai-backend/internal/ai/client.go:45.16,47.3 1 0
github.com/RodrigoGuerraCortes/ai-backend/internal/ai/client.go:49.2,51.46 1 0
github.com/RodrigoGuerraCortes/ai-backend/internal/ai/client.go:51.46,53.3 1 0
github.com/RodrigoGuerraCortes/ai-backend/internal/ai/client.go:55.2,56.27 2 0
github.com/RodrigoGuerraCortes/ai-backend/internal/ai/mocks/mock_ai.go:11.82,13.2 1 2
github.com/RodrigoGuerraCortes/ai-backend/internal/config/config.go:18.27,29.28 3 0
github.com/RodrigoGuerraCortes/ai-backend/internal/config/config.go:29.28,31.24 1 0
github.com/RodrigoGuerraCortes/ai-backend/internal/config/config.go:31.24,33.4 1 0
github.com/RodrigoGuerraCortes/ai-backend/internal/config/config.go:33.9,35.4 1 0
github.com/RodrigoGuerraCortes/ai-backend/internal/config/config.go:38.3,38.43 1 0
github.com/RodrigoGuerraCortes/ai-backend/internal/config/config.go:41.2,41.12 1 0
github.com/RodrigoGuerraCortes/ai-backend/internal/config/config.go:44.42,45.48 1 0
github.com/RodrigoGuerraCortes/ai-backend/internal/config/config.go:45.48,47.3 1 0
github.com/RodrigoGuerraCortes/ai-backend/internal/config/config.go:48.2,48.17 1 0
github.com/RodrigoGuerraCortes/ai-backend/internal/di/container.go:26.41,49.2 5 0
github.com/RodrigoGuerraCortes/ai-backend/internal/di/container.go:52.35,54.12 2 0
github.com/RodrigoGuerraCortes/ai-backend/internal/di/container.go:54.12,56.86 1 0
github.com/RodrigoGuerraCortes/ai-backend/internal/di/container.go:56.86,58.4 1 0
github.com/RodrigoGuerraCortes/ai-backend/internal/di/container.go:60.2,60.12 1 0
github.com/RodrigoGuerraCortes/ai-backend/internal/di/container.go:64.49,67.51 3 0
github.com/RodrigoGuerraCortes/ai-backend/internal/di/container.go:67.51,69.3 1 0
github.com/RodrigoGuerraCortes/ai-backend/internal/di/container.go:69.8,71.3 1 0
github.com/RodrigoGuerraCortes/ai-backend/internal/http/handler/chat_handler.go:16.50,20.2 1 0
github.com/RodrigoGuerraCortes/ai-backend/internal/http/handler/chat_handler.go:22.44,25.47 2 0
github.com/RodrigoGuerraCortes/ai-backend/internal/http/handler/chat_handler.go:25.47,31.3 2 0
github.com/RodrigoGuerraCortes/ai-backend/internal/http/handler/chat_handler.go:33.2,34.16 2 0
github.com/RodrigoGuerraCortes/ai-backend/internal/http/handler/chat_handler.go:34.16,40.3 2 0
github.com/RodrigoGuerraCortes/ai-backend/internal/http/handler/chat_handler.go:42.2,47.4 1 0
github.com/RodrigoGuerraCortes/ai-backend/internal/http/middleware/error_handler.go:12.37,13.30 1 0
github.com/RodrigoGuerraCortes/ai-backend/internal/http/middleware/error_handler.go:13.30,14.16 1 0
github.com/RodrigoGuerraCortes/ai-backend/internal/http/middleware/error_handler.go:14.16,15.36 1 0
github.com/RodrigoGuerraCortes/ai-backend/internal/http/middleware/error_handler.go:15.36,22.5 3 0
github.com/RodrigoGuerraCortes/ai-backend/internal/http/middleware/error_handler.go:25.3,28.24 2 0
github.com/RodrigoGuerraCortes/ai-backend/internal/http/middleware/error_handler.go:28.24,34.4 2 0
github.com/RodrigoGuerraCortes/ai-backend/internal/http/middleware/logging.go:11.38,12.30 1 0
github.com/RodrigoGuerraCortes/ai-backend/internal/http/middleware/logging.go:12.30,24.3 4 0
github.com/RodrigoGuerraCortes/ai-backend/internal/http/middleware/request_id.go:12.44,13.30 1 0
github.com/RodrigoGuerraCortes/ai-backend/internal/http/middleware/request_id.go:13.30,16.22 2 0
github.com/RodrigoGuerraCortes/ai-backend/internal/http/middleware/request_id.go:16.22,18.4 1 0
github.com/RodrigoGuerraCortes/ai-backend/internal/http/middleware/request_id.go:21.3,38.4 5 0
github.com/RodrigoGuerraCortes/ai-backend/internal/http/router/router.go:10.50,21.2 7 0
github.com/RodrigoGuerraCortes/ai-backend/internal/http/router/router.go:21.2,24.3 2 0
github.com/RodrigoGuerraCortes/ai-backend/internal/http/router/router.go:26.2,26.41 1 0
github.com/RodrigoGuerraCortes/ai-backend/internal/http/router/router.go:26.41,28.3 1 0
github.com/RodrigoGuerraCortes/ai-backend/internal/http/router/router.go:30.2,30.10 1 0
github.com/RodrigoGuerraCortes/ai-backend/internal/service/chat_service.go:13.56,15.2 1 2
github.com/RodrigoGuerraCortes/ai-backend/internal/service/chat_service.go:17.81,19.2 1 2
github.com/RodrigoGuerraCortes/ai-backend/pkg/logger/logger.go:10.37,16.26 4 0
github.com/RodrigoGuerraCortes/ai-backend/pkg/logger/logger.go:16.26,21.3 3 0
github.com/RodrigoGuerraCortes/ai-backend/pkg/logger/logger.go:21.8,25.3 2 0
github.com/RodrigoGuerraCortes/ai-backend/pkg/logger/logger.go:27.2,29.16 3 0
github.com/RodrigoGuerraCortes/ai-backend/pkg/logger/logger.go:29.16,30.63 1 0
github.com/RodrigoGuerraCortes/ai-backend/pkg/logger/logger.go:33.2,35.39 1 0
github.com/RodrigoGuerraCortes/ai-backend/pkg/logger/logger.go:38.13,39.16 1 0
github.com/RodrigoGuerraCortes/ai-backend/pkg/logger/logger.go:39.16,41.3 1 0
github.com/RodrigoGuerraCortes/ai-backend/cmd/api/main.go:15.13,27.34 6 0
github.com/RodrigoGuerraCortes/ai-backend/cmd/api/main.go:27.34,29.3 1 0
github.com/RodrigoGuerraCortes/ai-backend/cmd/api/main.go:32.2,37.26 5 0
github.com/RodrigoGuerraCortes/ai-backend/internal/ai/client.go:16.57,20.18 2 0
github.com/RodrigoGuerraCortes/ai-backend/internal/ai/client.go:20.18,22.3 1 0
github.com/RodrigoGuerraCortes/ai-backend/internal/ai/client.go:24.2,26.16 3 0
github.com/RodrigoGuerraCortes/ai-backend/internal/ai/client.go:26.16,28.3 1 0
github.com/RodrigoGuerraCortes/ai-backend/internal/ai/client.go:30.2,30.38 1 0
github.com/RodrigoGuerraCortes/ai-backend/internal/ai/client.go:33.47,39.2 4 0
github.com/RodrigoGuerraCortes/ai-backend/internal/ai/client.go:41.82,45.16 3 0
github.com/RodrigoGuerraCortes/ai-backend/internal/ai/client.go:45.16,47.3 1 0
github.com/RodrigoGuerraCortes/ai-backend/internal/ai/client.go:49.2,51.46 1 0
github.com/RodrigoGuerraCortes/ai-backend/internal/ai/client.go:51.46,53.3 1 0
github.com/RodrigoGuerraCortes/ai-backend/internal/ai/client.go:55.2,56.27 2 0
github.com/RodrigoGuerraCortes/ai-backend/internal/ai/mocks/mock_ai.go:11.82,13.2 1 0
github.com/RodrigoGuerraCortes/ai-backend/internal/config/config.go:18.27,29.28 3 0
github.com/RodrigoGuerraCortes/ai-backend/internal/config/config.go:29.28,31.24 1 0
github.com/RodrigoGuerraCortes/ai-backend/internal/config/config.go:31.24,33.4 1 0
github.com/RodrigoGuerraCortes/ai-backend/internal/config/config.go:33.9,35.4 1 0
github.com/RodrigoGuerraCortes/ai-backend/internal/config/config.go:38.3,38.43 1 0
github.com/RodrigoGuerraCortes/ai-backend/internal/config/config.go:41.2,41.12 1 0
github.com/RodrigoGuerraCortes/ai-backend/internal/config/config.go:44.42,45.48 1 0
github.com/RodrigoGuerraCortes/ai-backend/internal/config/config.go:45.48,47.3 1 0
github.com/RodrigoGuerraCortes/ai-backend/internal/config/config.go:48.2,48.17 1 0
github.com/RodrigoGuerraCortes/ai-backend/internal/di/container.go:26.41,49.2 5 0
github.com/RodrigoGuerraCortes/ai-backend/internal/di/container.go:52.35,54.12 2 0
github.com/RodrigoGuerraCortes/ai-backend/internal/di/container.go:54.12,56.86 1 0
github.com/RodrigoGuerraCortes/ai-backend/internal/di/container.go:56.86,58.4 1 0
github.com/RodrigoGuerraCortes/ai-backend/internal/di/container.go:60.2,60.12 1 0
github.com/RodrigoGuerraCortes/ai-backend/internal/di/container.go:64.49,67.51 3 0
github.com/RodrigoGuerraCortes/ai-backend/internal/di/container.go:67.51,69.3 1 0
github.com/RodrigoGuerraCortes/ai-backend/internal/di/container.go:69.8,71.3 1 0
github.com/RodrigoGuerraCortes/ai-backend/internal/http/handler/chat_handler.go:16.50,20.2 1 1
github.com/RodrigoGuerraCortes/ai-backend/internal/http/handler/chat_handler.go:22.44,25.47 2 0
github.com/RodrigoGuerraCortes/ai-backend/internal/http/handler/chat_handler.go:25.47,31.3 2 0
github.com/RodrigoGuerraCortes/ai-backend/internal/http/handler/chat_handler.go:33.2,34.16 2 0
github.com/RodrigoGuerraCortes/ai-backend/internal/http/handler/chat_handler.go:34.16,40.3 2 0
github.com/RodrigoGuerraCortes/ai-backend/internal/http/handler/chat_handler.go:42.2,47.4 1 0
github.com/RodrigoGuerraCortes/ai-backend/internal/http/middleware/error_handler.go:12.37,13.30 1 1
github.com/RodrigoGuerraCortes/ai-backend/internal/http/middleware/error_handler.go:13.30,14.16 1 1
github.com/RodrigoGuerraCortes/ai-backend/internal/http/middleware/error_handler.go:14.16,15.36 1 1
github.com/RodrigoGuerraCortes/ai-backend/internal/http/middleware/error_handler.go:15.36,22.5 3 0
github.com/RodrigoGuerraCortes/ai-backend/internal/http/middleware/error_handler.go:25.3,28.24 2 1
github.com/RodrigoGuerraCortes/ai-backend/internal/http/middleware/error_handler.go:28.24,34.4 2 0
github.com/RodrigoGuerraCortes/ai-backend/internal/http/middleware/logging.go:11.38,12.30 1 1
github.com/RodrigoGuerraCortes/ai-backend/internal/http/middleware/logging.go:12.30,24.3 4 1
github.com/RodrigoGuerraCortes/ai-backend/internal/http/middleware/request_id.go:12.44,13.30 1 1
github.com/RodrigoGuerraCortes/ai-backend/internal/http/middleware/request_id.go:13.30,16.22 2 1
github.com/RodrigoGuerraCortes/ai-backend/internal/http/middleware/request_id.go:16.22,18.4 1 1
github.com/RodrigoGuerraCortes/ai-backend/internal/http/middleware/request_id.go:21.3,38.4 5 1
github.com/RodrigoGuerraCortes/ai-backend/internal/http/router/router.go:10.50,21.2 7 1
github.com/RodrigoGuerraCortes/ai-backend/internal/http/router/router.go:21.2,24.3 2 1
github.com/RodrigoGuerraCortes/ai-backend/internal/http/router/router.go:26.2,26.41 1 1
github.com/RodrigoGuerraCortes/ai-backend/internal/http/router/router.go:26.41,28.3 1 1
github.com/RodrigoGuerraCortes/ai-backend/internal/http/router/router.go:30.2,30.10 1 1
github.com/RodrigoGuerraCortes/ai-backend/internal/service/chat_service.go:13.56,15.2 1 1
github.com/RodrigoGuerraCortes/ai-backend/internal/service/chat_service.go:17.81,19.2 1 0
github.com/RodrigoGuerraCortes/ai-backend/pkg/logger/logger.go:10.37,16.26 4 0
github.com/RodrigoGuerraCortes/ai-backend/pkg/logger/logger.go:16.26,21.3 3 0
github.com/RodrigoGuerraCortes/ai-backend/pkg/logger/logger.go:21.8,25.3 2 0
github.com/RodrigoGuerraCortes/ai-backend/pkg/logger/logger.go:27.2,29.16 3 0
github.com/RodrigoGuerraCortes/ai-backend/pkg/logger/logger.go:29.16,30.63 1 0
github.com/RodrigoGuerraCortes/ai-backend/pkg/logger/logger.go:33.2,35.39 1 0
github.com/RodrigoGuerraCortes/ai-backend/pkg/logger/logger.go:38.13,39.16 1 0
github.com/RodrigoGuerraCortes/ai-backend/pkg/logger/logger.go:39.16,41.3 1 0
github.com/RodrigoGuerraCortes/ai-backend/cmd/api/main.go:15.13,27.34 6 0
github.com/RodrigoGuerraCortes/ai-backend/cmd/api/main.go:27.34,29.3 1 0
github.com/RodrigoGuerraCortes/ai-backend/cmd/api/main.go:32.2,37.26 5 0
github.com/RodrigoGuerraCortes/ai-backend/internal/ai/client.go:16.57,20.18 2 1
github.com/RodrigoGuerraCortes/ai-backend/internal/ai/client.go:20.18,22.3 1 0
github.com/RodrigoGuerraCortes/ai-backend/internal/ai/client.go:24.2,26.16 3 1
github.com/RodrigoGuerraCortes/ai-backend/internal/ai/client.go:26.16,28.3 1 0
github.com/RodrigoGuerraCortes/ai-backend/internal/ai/client.go:30.2,30.38 1 1
github.com/RodrigoGuerraCortes/ai-backend/internal/ai/client.go:33.47,39.2 4 1
github.com/RodrigoGuerraCortes/ai-backend/internal/ai/client.go:41.82,45.16 3 0
github.com/RodrigoGuerraCortes/ai-backend/internal/ai/client.go:45.16,47.3 1 0
github.com/RodrigoGuerraCortes/ai-backend/internal/ai/client.go:49.2,51.46 1 0
github.com/RodrigoGuerraCortes/ai-backend/internal/ai/client.go:51.46,53.3 1 0
github.com/RodrigoGuerraCortes/ai-backend/internal/ai/client.go:55.2,56.27 2 0
github.com/RodrigoGuerraCortes/ai-backend/internal/ai/mocks/mock_ai.go:11.82,13.2 1 0
github.com/RodrigoGuerraCortes/ai-backend/internal/config/config.go:18.27,29.28 3 1
github.com/RodrigoGuerraCortes/ai-backend/internal/config/config.go:29.28,31.24 1 0
github.com/RodrigoGuerraCortes/ai-backend/internal/config/config.go:31.24,33.4 1 0
github.com/RodrigoGuerraCortes/ai-backend/internal/config/config.go:33.9,35.4 1 0
github.com/RodrigoGuerraCortes/ai-backend/internal/config/config.go:38.3,38.43 1 0
github.com/RodrigoGuerraCortes/ai-backend/internal/config/config.go:41.2,41.12 1 1
github.com/RodrigoGuerraCortes/ai-backend/internal/config/config.go:44.42,45.48 1 4
github.com/RodrigoGuerraCortes/ai-backend/internal/config/config.go:45.48,47.3 1 1
github.com/RodrigoGuerraCortes/ai-backend/internal/config/config.go:48.2,48.17 1 3
github.com/RodrigoGuerraCortes/ai-backend/internal/di/container.go:26.41,49.2 5 0
github.com/RodrigoGuerraCortes/ai-backend/internal/di/container.go:52.35,54.12 2 0
github.com/RodrigoGuerraCortes/ai-backend/internal/di/container.go:54.12,56.86 1 0
github.com/RodrigoGuerraCortes/ai-backend/internal/di/container.go:56.86,58.4 1 0
github.com/RodrigoGuerraCortes/ai-backend/internal/di/container.go:60.2,60.12 1 0
github.com/RodrigoGuerraCortes/ai-backend/internal/di/container.go:64.49,67.51 3 0
github.com/RodrigoGuerraCortes/ai-backend/internal/di/container.go:67.51,69.3 1 0
github.com/RodrigoGuerraCortes/ai-backend/internal/di/container.go:69.8,71.3 1 0
github.com/RodrigoGuerraCortes/ai-backend/internal/http/handler/chat_handler.go:16.50,20.2 1 0
github.com/RodrigoGuerraCortes/ai-backend/internal/http/handler/chat_handler.go:22.44,25.47 2 0
github.com/RodrigoGuerraCortes/ai-backend/internal/http/handler/chat_handler.go:25.47,31.3 2 0
github.com/RodrigoGuerraCortes/ai-backend/internal/http/handler/chat_handler.go:33.2,34.16 2 0
github.com/RodrigoGuerraCortes/ai-backend/internal/http/handler/chat_handler.go:34.16,40.3 2 0
github.com/RodrigoGuerraCortes/ai-backend/internal/http/handler/chat_handler.go:42.2,47.4 1 0
github.com/RodrigoGuerraCortes/ai-backend/internal/http/middleware/error_handler.go:12.37,13.30 1 0
github.com/RodrigoGuerraCortes/ai-backend/internal/http/middleware/error_handler.go:13.30,14.16 1 0
github.com/RodrigoGuerraCortes/ai-backend/internal/http/middleware/error_handler.go:14.16,15.36 1 0
github.com/RodrigoGuerraCortes/ai-backend/internal/http/middleware/error_handler.go:15.36,22.5 3 0
github.com/RodrigoGuerraCortes/ai-backend/internal/http/middleware/error_handler.go:25.3,28.24 2 0
github.com/RodrigoGuerraCortes/ai-backend/internal/http/middleware/error_handler.go:28.24,34.4 2 0
github.com/RodrigoGuerraCortes/ai-backend/internal/http/middleware/logging.go:11.38,12.30 1 0
github.com/RodrigoGuerraCortes/ai-backend/internal/http/middleware/logging.go:12.30,24.3 4 0
github.com/RodrigoGuerraCortes/ai-backend/internal/http/middleware/request_id.go:12.44,13.30 1 0
github.com/RodrigoGuerraCortes/ai-backend/internal/http/middleware/request_id.go:13.30,16.22 2 0
github.com/RodrigoGuerraCortes/ai-backend/internal/http/middleware/request_id.go:16.22,18.4 1 0
github.com/RodrigoGuerraCortes/ai-backend/internal/http/middleware/request_id.go:21.3,38.4 5 0
github.com/RodrigoGuerraCortes/ai-backend/internal/http/router/router.go:10.50,21.2 7 0
github.com/RodrigoGuerraCortes/ai-backend/internal/http/router/router.go:21.2,24.3 2 0
github.com/RodrigoGuerraCortes/ai-backend/internal/http/router/router.go:26.2,26.41 1 0
github.com/RodrigoGuerraCortes/ai-backend/internal/http/router/router.go:26.41,28.3 1 0
github.com/RodrigoGuerraCortes/ai-backend/internal/http/router/router.go:30.2,30.10 1 0
github.com/RodrigoGuerraCortes/ai-backend/internal/service/chat_service.go:13.56,15.2 1 0
github.com/RodrigoGuerraCortes/ai-backend/internal/service/chat_service.go:17.81,19.2 1 0
github.com/RodrigoGuerraCortes/ai-backend/pkg/logger/logger.go:10.37,16.26 4 0
github.com/RodrigoGuerraCortes/ai-backend/pkg/logger/logger.go:16.26,21.3 3 0
github.com/RodrigoGuerraCortes/ai-backend/pkg/logger/logger.go:21.8,25.3 2 0
github.com/RodrigoGuerraCortes/ai-backend/pkg/logger/logger.go:27.2,29.16 3 0
github.com/RodrigoGuerraCortes/ai-backend/pkg/logger/logger.go:29.16,30.63 1 0
github.com/RodrigoGuerraCortes/ai-backend/pkg/logger/logger.go:33.2,35.39 1 0
github.com/RodrigoGuerraCortes/ai-backend/pkg/logger/logger.go:38.13,39.16 1 0
github.com/RodrigoGuerraCortes/ai-backend/pkg/logger/logger.go:39.16,41.3 1 0
